2024/09/24 00:28:45 main.go:288: Starting Recipe TUI program
2024/09/24 00:28:49 recipes.go:107: Recipe: {IDMeal:53071 StrMeal:Beef Asado StrDrinkAlternate: StrCategory:Beef StrArea:Filipino StrInstructions:0.	Combine beef, crushed peppercorn, soy sauce, vinegar, dried bay leaves, lemon, and tomato sauce. Mix well. Marinate beef for at least 30 minutes.
1.	Put the marinated beef in a cooking pot along with remaining marinade. Add water. Let boil.
2.	Add Knorr Beef Cube. Stir. Cover the pot and cook for 40 minutes in low heat.
3.	Turn the beef over. Add tomato paste. Continue cooking until beef tenderizes. Set aside.
4.	Heat oil in a pan. Fry the potato until it browns. Turn over and continue frying the opposite side. Remove from the pan and place on a clean plate. Do the same with the carrots.
5.	Save 3 tablespoons of cooking oil from the pan where the potato was fried. Saute onion and garlic until onion softens.
6.	Pour-in the sauce from the beef stew. Let boil. Add the beef. Cook for 2 minutes.
7.	Add butter and let it melt. Continue cooking until the sauce reduces to half. StrMealThumb:https://www.themealdb.com/images/media/meals/pkopc31683207947.jpg StrTags: StrYoutube:https://www.youtube.com/watch?v=lNlK8DVhXXA StrIngredient1:Beef StrIngredient2:Beef Stock Concentrate StrIngredient3:Tomato Puree StrIngredient4:Water StrIngredient5:Soy Sauce StrIngredient6:White Wine Vinegar StrIngredient7:Pepper StrIngredient8:Bay Leaf StrIngredient9:Lemon StrIngredient10:Tomato Sauce StrIngredient11:Butter StrIngredient12:Olive Oil StrIngredient13:Onion StrIngredient14:Garlic StrIngredient15: StrIngredient16: StrIngredient17: StrIngredient18: StrIngredient19: StrIngredient20: StrMeasure1:1.5kg StrMeasure2:1 StrMeasure3:8 ounces StrMeasure4:3 cups  StrMeasure5:6 tablespoons StrMeasure6:1 tbs StrMeasure7:2 tbs StrMeasure8:4 StrMeasure9:1/2  StrMeasure10:2 tbs StrMeasure11:3 tbs StrMeasure12:1/2 cup  StrMeasure13:1 chopped StrMeasure14:4 cloves StrMeasure15:  StrMeasure16:  StrMeasure17:  StrMeasure18:  StrMeasure19:  StrMeasure20:  StrSource:https://panlasangpinoy.com/beef-asado/ StrImageSource: StrCreativeCommonsConfirmed: DateModified:}
2024/09/24 00:28:49 main.go:183: Formated Recipe:  

Category: Beef

Area: Filipino

Ingredients:
- 1.5kg Beef
- 1 Beef Stock Concentrate
- 8 ounces Tomato Puree
- 3 cups Water
- 6 tablespoons Soy Sauce
- 1 tbs White Wine Vinegar
- 2 tbs Pepper
- 4 Bay Leaf
- 1/2 Lemon
- 2 tbs Tomato Sauce

Instructions:
0.	Combine beef, crushed peppercorn, soy sauce, vinegar, dried bay leaves, lemon, and tomato sauce. Mix well. Marinate beef for at least 30 minutes.
1.	Put the marinated beef in a cooking pot along with remaining marinade. Add water. Let boil.
2.	Add Knorr Beef Cube. Stir. Cover the pot and cook for 40 minutes in low heat.
3.	Turn the beef over. Add tomato paste. Continue cooking until beef tenderizes. Set aside.
4.	Heat oil in a pan. Fry the potato until it browns. Turn over and continue frying the opposite side. Remove from the pan and place on a clean plate. Do the same with the carrots.
5.	Save 3 tablespoons of cooking oil from the pan where the potato was fried. Saute onion and garlic until onion softens.
6.	Pour-in the sauce from the beef stew. Let boil. Add the beef. Cook for 2 minutes.
7.	Add butter and let it melt. Continue cooking until the sauce reduces to half.
2024/09/24 00:29:21 main.go:288: Starting Recipe TUI program
2024/09/24 00:29:24 recipes.go:107: Recipe: {IDMeal:53071 StrMeal:Beef Asado StrDrinkAlternate: StrCategory:Beef StrArea:Filipino StrInstructions:0.	Combine beef, crushed peppercorn, soy sauce, vinegar, dried bay leaves, lemon, and tomato sauce. Mix well. Marinate beef for at least 30 minutes.
1.	Put the marinated beef in a cooking pot along with remaining marinade. Add water. Let boil.
2.	Add Knorr Beef Cube. Stir. Cover the pot and cook for 40 minutes in low heat.
3.	Turn the beef over. Add tomato paste. Continue cooking until beef tenderizes. Set aside.
4.	Heat oil in a pan. Fry the potato until it browns. Turn over and continue frying the opposite side. Remove from the pan and place on a clean plate. Do the same with the carrots.
5.	Save 3 tablespoons of cooking oil from the pan where the potato was fried. Saute onion and garlic until onion softens.
6.	Pour-in the sauce from the beef stew. Let boil. Add the beef. Cook for 2 minutes.
7.	Add butter and let it melt. Continue cooking until the sauce reduces to half. StrMealThumb:https://www.themealdb.com/images/media/meals/pkopc31683207947.jpg StrTags: StrYoutube:https://www.youtube.com/watch?v=lNlK8DVhXXA StrIngredient1:Beef StrIngredient2:Beef Stock Concentrate StrIngredient3:Tomato Puree StrIngredient4:Water StrIngredient5:Soy Sauce StrIngredient6:White Wine Vinegar StrIngredient7:Pepper StrIngredient8:Bay Leaf StrIngredient9:Lemon StrIngredient10:Tomato Sauce StrIngredient11:Butter StrIngredient12:Olive Oil StrIngredient13:Onion StrIngredient14:Garlic StrIngredient15: StrIngredient16: StrIngredient17: StrIngredient18: StrIngredient19: StrIngredient20: StrMeasure1:1.5kg StrMeasure2:1 StrMeasure3:8 ounces StrMeasure4:3 cups  StrMeasure5:6 tablespoons StrMeasure6:1 tbs StrMeasure7:2 tbs StrMeasure8:4 StrMeasure9:1/2  StrMeasure10:2 tbs StrMeasure11:3 tbs StrMeasure12:1/2 cup  StrMeasure13:1 chopped StrMeasure14:4 cloves StrMeasure15:  StrMeasure16:  StrMeasure17:  StrMeasure18:  StrMeasure19:  StrMeasure20:  StrSource:https://panlasangpinoy.com/beef-asado/ StrImageSource: StrCreativeCommonsConfirmed: DateModified:}
2024/09/24 00:29:24 main.go:183: Formated Recipe:  

Category: Beef

Area: Filipino

Ingredients:
- 1.5kg Beef
- 1 Beef Stock Concentrate
- 8 ounces Tomato Puree
- 3 cups Water
- 6 tablespoons Soy Sauce
- 1 tbs White Wine Vinegar
- 2 tbs Pepper
- 4 Bay Leaf
- 1/2 Lemon
- 2 tbs Tomato Sauce

Instructions:
0.	Combine beef, crushed peppercorn, soy sauce, vinegar, dried bay leaves, lemon, and tomato sauce. Mix well. Marinate beef for at least 30 minutes.
1.	Put the marinated beef in a cooking pot along with remaining marinade. Add water. Let boil.
2.	Add Knorr Beef Cube. Stir. Cover the pot and cook for 40 minutes in low heat.
3.	Turn the beef over. Add tomato paste. Continue cooking until beef tenderizes. Set aside.
4.	Heat oil in a pan. Fry the potato until it browns. Turn over and continue frying the opposite side. Remove from the pan and place on a clean plate. Do the same with the carrots.
5.	Save 3 tablespoons of cooking oil from the pan where the potato was fried. Saute onion and garlic until onion softens.
6.	Pour-in the sauce from the beef stew. Let boil. Add the beef. Cook for 2 minutes.
7.	Add butter and let it melt. Continue cooking until the sauce reduces to half.
2024/09/24 00:31:27 main.go:290: Starting Recipe TUI program
2024/09/24 00:31:32 recipes.go:107: Recipe: {IDMeal:53071 StrMeal:Beef Asado StrDrinkAlternate: StrCategory:Beef StrArea:Filipino StrInstructions:0.	Combine beef, crushed peppercorn, soy sauce, vinegar, dried bay leaves, lemon, and tomato sauce. Mix well. Marinate beef for at least 30 minutes.
1.	Put the marinated beef in a cooking pot along with remaining marinade. Add water. Let boil.
2.	Add Knorr Beef Cube. Stir. Cover the pot and cook for 40 minutes in low heat.
3.	Turn the beef over. Add tomato paste. Continue cooking until beef tenderizes. Set aside.
4.	Heat oil in a pan. Fry the potato until it browns. Turn over and continue frying the opposite side. Remove from the pan and place on a clean plate. Do the same with the carrots.
5.	Save 3 tablespoons of cooking oil from the pan where the potato was fried. Saute onion and garlic until onion softens.
6.	Pour-in the sauce from the beef stew. Let boil. Add the beef. Cook for 2 minutes.
7.	Add butter and let it melt. Continue cooking until the sauce reduces to half. StrMealThumb:https://www.themealdb.com/images/media/meals/pkopc31683207947.jpg StrTags: StrYoutube:https://www.youtube.com/watch?v=lNlK8DVhXXA StrIngredient1:Beef StrIngredient2:Beef Stock Concentrate StrIngredient3:Tomato Puree StrIngredient4:Water StrIngredient5:Soy Sauce StrIngredient6:White Wine Vinegar StrIngredient7:Pepper StrIngredient8:Bay Leaf StrIngredient9:Lemon StrIngredient10:Tomato Sauce StrIngredient11:Butter StrIngredient12:Olive Oil StrIngredient13:Onion StrIngredient14:Garlic StrIngredient15: StrIngredient16: StrIngredient17: StrIngredient18: StrIngredient19: StrIngredient20: StrMeasure1:1.5kg StrMeasure2:1 StrMeasure3:8 ounces StrMeasure4:3 cups  StrMeasure5:6 tablespoons StrMeasure6:1 tbs StrMeasure7:2 tbs StrMeasure8:4 StrMeasure9:1/2  StrMeasure10:2 tbs StrMeasure11:3 tbs StrMeasure12:1/2 cup  StrMeasure13:1 chopped StrMeasure14:4 cloves StrMeasure15:  StrMeasure16:  StrMeasure17:  StrMeasure18:  StrMeasure19:  StrMeasure20:  StrSource:https://panlasangpinoy.com/beef-asado/ StrImageSource: StrCreativeCommonsConfirmed: DateModified:}
2024/09/24 00:31:32 main.go:198: Formated Recipe:  

Category: Beef

Area: Filipino

Ingredients:
- 1.5kg Beef
- 1 Beef Stock Concentrate
- 8 ounces Tomato Puree
- 3 cups Water
- 6 tablespoons Soy Sauce
- 1 tbs White Wine Vinegar
- 2 tbs Pepper
- 4 Bay Leaf
- 1/2 Lemon
- 2 tbs Tomato Sauce

Instructions:
0.	Combine beef, crushed peppercorn, soy sauce, vinegar, dried bay leaves, lemon, and tomato sauce. Mix well. Marinate beef for at least 30 minutes.
1.	Put the marinated beef in a cooking pot along with remaining marinade. Add water. Let boil.
2.	Add Knorr Beef Cube. Stir. Cover the pot and cook for 40 minutes in low heat.
3.	Turn the beef over. Add tomato paste. Continue cooking until beef tenderizes. Set aside.
4.	Heat oil in a pan. Fry the potato until it browns. Turn over and continue frying the opposite side. Remove from the pan and place on a clean plate. Do the same with the carrots.
5.	Save 3 tablespoons of cooking oil from the pan where the potato was fried. Saute onion and garlic until onion softens.
6.	Pour-in the sauce from the beef stew. Let boil. Add the beef. Cook for 2 minutes.
7.	Add butter and let it melt. Continue cooking until the sauce reduces to half.
2024/09/24 00:32:33 main.go:289: Starting Recipe TUI program
2024/09/24 00:32:49 recipes.go:107: Recipe: {IDMeal:53071 StrMeal:Beef Asado StrDrinkAlternate: StrCategory:Beef StrArea:Filipino StrInstructions:0.	Combine beef, crushed peppercorn, soy sauce, vinegar, dried bay leaves, lemon, and tomato sauce. Mix well. Marinate beef for at least 30 minutes.
1.	Put the marinated beef in a cooking pot along with remaining marinade. Add water. Let boil.
2.	Add Knorr Beef Cube. Stir. Cover the pot and cook for 40 minutes in low heat.
3.	Turn the beef over. Add tomato paste. Continue cooking until beef tenderizes. Set aside.
4.	Heat oil in a pan. Fry the potato until it browns. Turn over and continue frying the opposite side. Remove from the pan and place on a clean plate. Do the same with the carrots.
5.	Save 3 tablespoons of cooking oil from the pan where the potato was fried. Saute onion and garlic until onion softens.
6.	Pour-in the sauce from the beef stew. Let boil. Add the beef. Cook for 2 minutes.
7.	Add butter and let it melt. Continue cooking until the sauce reduces to half. StrMealThumb:https://www.themealdb.com/images/media/meals/pkopc31683207947.jpg StrTags: StrYoutube:https://www.youtube.com/watch?v=lNlK8DVhXXA StrIngredient1:Beef StrIngredient2:Beef Stock Concentrate StrIngredient3:Tomato Puree StrIngredient4:Water StrIngredient5:Soy Sauce StrIngredient6:White Wine Vinegar StrIngredient7:Pepper StrIngredient8:Bay Leaf StrIngredient9:Lemon StrIngredient10:Tomato Sauce StrIngredient11:Butter StrIngredient12:Olive Oil StrIngredient13:Onion StrIngredient14:Garlic StrIngredient15: StrIngredient16: StrIngredient17: StrIngredient18: StrIngredient19: StrIngredient20: StrMeasure1:1.5kg StrMeasure2:1 StrMeasure3:8 ounces StrMeasure4:3 cups  StrMeasure5:6 tablespoons StrMeasure6:1 tbs StrMeasure7:2 tbs StrMeasure8:4 StrMeasure9:1/2  StrMeasure10:2 tbs StrMeasure11:3 tbs StrMeasure12:1/2 cup  StrMeasure13:1 chopped StrMeasure14:4 cloves StrMeasure15:  StrMeasure16:  StrMeasure17:  StrMeasure18:  StrMeasure19:  StrMeasure20:  StrSource:https://panlasangpinoy.com/beef-asado/ StrImageSource: StrCreativeCommonsConfirmed: DateModified:}
2024/09/24 00:32:49 main.go:199: Formated Recipe:  

Category: Beef

Area: Filipino

Ingredients:
- 1.5kg Beef
- 1 Beef Stock Concentrate
- 8 ounces Tomato Puree
- 3 cups Water
- 6 tablespoons Soy Sauce
- 1 tbs White Wine Vinegar
- 2 tbs Pepper
- 4 Bay Leaf
- 1/2 Lemon
- 2 tbs Tomato Sauce

Instructions:
0.	Combine beef, crushed peppercorn, soy sauce, vinegar, dried bay leaves, lemon, and tomato sauce. Mix well. Marinate beef for at least 30 minutes.
1.	Put the marinated beef in a cooking pot along with remaining marinade. Add water. Let boil.
2.	Add Knorr Beef Cube. Stir. Cover the pot and cook for 40 minutes in low heat.
3.	Turn the beef over. Add tomato paste. Continue cooking until beef tenderizes. Set aside.
4.	Heat oil in a pan. Fry the potato until it browns. Turn over and continue frying the opposite side. Remove from the pan and place on a clean plate. Do the same with the carrots.
5.	Save 3 tablespoons of cooking oil from the pan where the potato was fried. Saute onion and garlic until onion softens.
6.	Pour-in the sauce from the beef stew. Let boil. Add the beef. Cook for 2 minutes.
7.	Add butter and let it melt. Continue cooking until the sauce reduces to half.
2024/09/24 00:34:13 main.go:289: Starting Recipe TUI program
2024/09/24 00:35:24 main.go:289: Starting Recipe TUI program
2024/09/24 00:35:39 recipes.go:107: Recipe: {IDMeal:52848 StrMeal:Bean & Sausage Hotpot StrDrinkAlternate: StrCategory:Miscellaneous StrArea:British StrInstructions:In a large casserole, fry the sausages until brown all over – about 10 mins.

Add the tomato sauce, stirring well, then stir in the beans, treacle or sugar and mustard. Bring to the simmer, cover and cook for 30 mins. Great served with crusty bread or rice. StrMealThumb:https://www.themealdb.com/images/media/meals/vxuyrx1511302687.jpg StrTags: StrYoutube:https://www.youtube.com/watch?v=B0YX0yPX4Wo StrIngredient1:Sausages StrIngredient2:Tomato Sauce StrIngredient3:Butter Beans StrIngredient4:Black Treacle StrIngredient5:English Mustard StrIngredient6: StrIngredient7: StrIngredient8: StrIngredient9: StrIngredient10: StrIngredient11: StrIngredient12: StrIngredient13: StrIngredient14: StrIngredient15: StrIngredient16: StrIngredient17: StrIngredient18: StrIngredient19: StrIngredient20: StrMeasure1:8 large StrMeasure2:1 Jar StrMeasure3:1200g StrMeasure4:1 tbls StrMeasure5:1 tsp  StrMeasure6: StrMeasure7: StrMeasure8: StrMeasure9: StrMeasure10: StrMeasure11: StrMeasure12: StrMeasure13: StrMeasure14: StrMeasure15: StrMeasure16: StrMeasure17: StrMeasure18: StrMeasure19: StrMeasure20: StrSource:https://www.bbcgoodfood.com/recipes/339607/bean-and-sausage-hotpot StrImageSource: StrCreativeCommonsConfirmed: DateModified:}
2024/09/24 00:35:39 main.go:199: Formated Recipe:  

Category: Miscellaneous

Area: British

Ingredients:
- 8 large Sausages
- 1 Jar Tomato Sauce
- 1200g Butter Beans
- 1 tbls Black Treacle
- 1 tsp English Mustard

Instructions:
In a large casserole, fry the sausages until brown all over – about 10 mins.

Add the tomato sauce, stirring well, then stir in the beans, treacle or sugar and mustard. Bring to the simmer, cover and cook for 30 mins. Great served with crusty bread or rice.
2024/09/24 00:36:03 recipes.go:107: Recipe: {IDMeal:53071 StrMeal:Beef Asado StrDrinkAlternate: StrCategory:Beef StrArea:Filipino StrInstructions:0.	Combine beef, crushed peppercorn, soy sauce, vinegar, dried bay leaves, lemon, and tomato sauce. Mix well. Marinate beef for at least 30 minutes.
1.	Put the marinated beef in a cooking pot along with remaining marinade. Add water. Let boil.
2.	Add Knorr Beef Cube. Stir. Cover the pot and cook for 40 minutes in low heat.
3.	Turn the beef over. Add tomato paste. Continue cooking until beef tenderizes. Set aside.
4.	Heat oil in a pan. Fry the potato until it browns. Turn over and continue frying the opposite side. Remove from the pan and place on a clean plate. Do the same with the carrots.
5.	Save 3 tablespoons of cooking oil from the pan where the potato was fried. Saute onion and garlic until onion softens.
6.	Pour-in the sauce from the beef stew. Let boil. Add the beef. Cook for 2 minutes.
7.	Add butter and let it melt. Continue cooking until the sauce reduces to half. StrMealThumb:https://www.themealdb.com/images/media/meals/pkopc31683207947.jpg StrTags: StrYoutube:https://www.youtube.com/watch?v=lNlK8DVhXXA StrIngredient1:Beef StrIngredient2:Beef Stock Concentrate StrIngredient3:Tomato Puree StrIngredient4:Water StrIngredient5:Soy Sauce StrIngredient6:White Wine Vinegar StrIngredient7:Pepper StrIngredient8:Bay Leaf StrIngredient9:Lemon StrIngredient10:Tomato Sauce StrIngredient11:Butter StrIngredient12:Olive Oil StrIngredient13:Onion StrIngredient14:Garlic StrIngredient15: StrIngredient16: StrIngredient17: StrIngredient18: StrIngredient19: StrIngredient20: StrMeasure1:1.5kg StrMeasure2:1 StrMeasure3:8 ounces StrMeasure4:3 cups  StrMeasure5:6 tablespoons StrMeasure6:1 tbs StrMeasure7:2 tbs StrMeasure8:4 StrMeasure9:1/2  StrMeasure10:2 tbs StrMeasure11:3 tbs StrMeasure12:1/2 cup  StrMeasure13:1 chopped StrMeasure14:4 cloves StrMeasure15:  StrMeasure16:  StrMeasure17:  StrMeasure18:  StrMeasure19:  StrMeasure20:  StrSource:https://panlasangpinoy.com/beef-asado/ StrImageSource: StrCreativeCommonsConfirmed: DateModified:}
2024/09/24 00:36:03 main.go:199: Formated Recipe:  

Category: Beef

Area: Filipino

Ingredients:
- 1.5kg Beef
- 1 Beef Stock Concentrate
- 8 ounces Tomato Puree
- 3 cups Water
- 6 tablespoons Soy Sauce
- 1 tbs White Wine Vinegar
- 2 tbs Pepper
- 4 Bay Leaf
- 1/2 Lemon
- 2 tbs Tomato Sauce

Instructions:
0.	Combine beef, crushed peppercorn, soy sauce, vinegar, dried bay leaves, lemon, and tomato sauce. Mix well. Marinate beef for at least 30 minutes.
1.	Put the marinated beef in a cooking pot along with remaining marinade. Add water. Let boil.
2.	Add Knorr Beef Cube. Stir. Cover the pot and cook for 40 minutes in low heat.
3.	Turn the beef over. Add tomato paste. Continue cooking until beef tenderizes. Set aside.
4.	Heat oil in a pan. Fry the potato until it browns. Turn over and continue frying the opposite side. Remove from the pan and place on a clean plate. Do the same with the carrots.
5.	Save 3 tablespoons of cooking oil from the pan where the potato was fried. Saute onion and garlic until onion softens.
6.	Pour-in the sauce from the beef stew. Let boil. Add the beef. Cook for 2 minutes.
7.	Add butter and let it melt. Continue cooking until the sauce reduces to half.
2024/09/24 00:42:37 main.go:289: Starting Recipe TUI program
2024/09/24 00:42:40 recipes.go:107: Recipe: {IDMeal:53071 StrMeal:Beef Asado StrDrinkAlternate: StrCategory:Beef StrArea:Filipino StrInstructions:0.	Combine beef, crushed peppercorn, soy sauce, vinegar, dried bay leaves, lemon, and tomato sauce. Mix well. Marinate beef for at least 30 minutes.
1.	Put the marinated beef in a cooking pot along with remaining marinade. Add water. Let boil.
2.	Add Knorr Beef Cube. Stir. Cover the pot and cook for 40 minutes in low heat.
3.	Turn the beef over. Add tomato paste. Continue cooking until beef tenderizes. Set aside.
4.	Heat oil in a pan. Fry the potato until it browns. Turn over and continue frying the opposite side. Remove from the pan and place on a clean plate. Do the same with the carrots.
5.	Save 3 tablespoons of cooking oil from the pan where the potato was fried. Saute onion and garlic until onion softens.
6.	Pour-in the sauce from the beef stew. Let boil. Add the beef. Cook for 2 minutes.
7.	Add butter and let it melt. Continue cooking until the sauce reduces to half. StrMealThumb:https://www.themealdb.com/images/media/meals/pkopc31683207947.jpg StrTags: StrYoutube:https://www.youtube.com/watch?v=lNlK8DVhXXA StrIngredient1:Beef StrIngredient2:Beef Stock Concentrate StrIngredient3:Tomato Puree StrIngredient4:Water StrIngredient5:Soy Sauce StrIngredient6:White Wine Vinegar StrIngredient7:Pepper StrIngredient8:Bay Leaf StrIngredient9:Lemon StrIngredient10:Tomato Sauce StrIngredient11:Butter StrIngredient12:Olive Oil StrIngredient13:Onion StrIngredient14:Garlic StrIngredient15: StrIngredient16: StrIngredient17: StrIngredient18: StrIngredient19: StrIngredient20: StrMeasure1:1.5kg StrMeasure2:1 StrMeasure3:8 ounces StrMeasure4:3 cups  StrMeasure5:6 tablespoons StrMeasure6:1 tbs StrMeasure7:2 tbs StrMeasure8:4 StrMeasure9:1/2  StrMeasure10:2 tbs StrMeasure11:3 tbs StrMeasure12:1/2 cup  StrMeasure13:1 chopped StrMeasure14:4 cloves StrMeasure15:  StrMeasure16:  StrMeasure17:  StrMeasure18:  StrMeasure19:  StrMeasure20:  StrSource:https://panlasangpinoy.com/beef-asado/ StrImageSource: StrCreativeCommonsConfirmed: DateModified:}
2024/09/24 00:42:40 main.go:199: Formated Recipe:  

Category: Beef

Area: Filipino

Ingredients:
- 1.5kg Beef
- 1 Beef Stock Concentrate
- 8 ounces Tomato Puree
- 3 cups Water
- 6 tablespoons Soy Sauce
- 1 tbs White Wine Vinegar
- 2 tbs Pepper
- 4 Bay Leaf
- 1/2 Lemon
- 2 tbs Tomato Sauce

Instructions:
0.	Combine beef, crushed peppercorn, soy sauce, vinegar, dried bay leaves, lemon, and tomato sauce. Mix well. Marinate beef for at least 30 minutes.
1.	Put the marinated beef in a cooking pot along with remaining marinade. Add water. Let boil.
2.	Add Knorr Beef Cube. Stir. Cover the pot and cook for 40 minutes in low heat.
3.	Turn the beef over. Add tomato paste. Continue cooking until beef tenderizes. Set aside.
4.	Heat oil in a pan. Fry the potato until it browns. Turn over and continue frying the opposite side. Remove from the pan and place on a clean plate. Do the same with the carrots.
5.	Save 3 tablespoons of cooking oil from the pan where the potato was fried. Saute onion and garlic until onion softens.
6.	Pour-in the sauce from the beef stew. Let boil. Add the beef. Cook for 2 minutes.
7.	Add butter and let it melt. Continue cooking until the sauce reduces to half.
2024/09/24 00:44:35 main.go:287: Starting Recipe TUI program
2024/09/24 00:44:39 recipes.go:107: Recipe: {IDMeal:53071 StrMeal:Beef Asado StrDrinkAlternate: StrCategory:Beef StrArea:Filipino StrInstructions:0.	Combine beef, crushed peppercorn, soy sauce, vinegar, dried bay leaves, lemon, and tomato sauce. Mix well. Marinate beef for at least 30 minutes.
1.	Put the marinated beef in a cooking pot along with remaining marinade. Add water. Let boil.
2.	Add Knorr Beef Cube. Stir. Cover the pot and cook for 40 minutes in low heat.
3.	Turn the beef over. Add tomato paste. Continue cooking until beef tenderizes. Set aside.
4.	Heat oil in a pan. Fry the potato until it browns. Turn over and continue frying the opposite side. Remove from the pan and place on a clean plate. Do the same with the carrots.
5.	Save 3 tablespoons of cooking oil from the pan where the potato was fried. Saute onion and garlic until onion softens.
6.	Pour-in the sauce from the beef stew. Let boil. Add the beef. Cook for 2 minutes.
7.	Add butter and let it melt. Continue cooking until the sauce reduces to half. StrMealThumb:https://www.themealdb.com/images/media/meals/pkopc31683207947.jpg StrTags: StrYoutube:https://www.youtube.com/watch?v=lNlK8DVhXXA StrIngredient1:Beef StrIngredient2:Beef Stock Concentrate StrIngredient3:Tomato Puree StrIngredient4:Water StrIngredient5:Soy Sauce StrIngredient6:White Wine Vinegar StrIngredient7:Pepper StrIngredient8:Bay Leaf StrIngredient9:Lemon StrIngredient10:Tomato Sauce StrIngredient11:Butter StrIngredient12:Olive Oil StrIngredient13:Onion StrIngredient14:Garlic StrIngredient15: StrIngredient16: StrIngredient17: StrIngredient18: StrIngredient19: StrIngredient20: StrMeasure1:1.5kg StrMeasure2:1 StrMeasure3:8 ounces StrMeasure4:3 cups  StrMeasure5:6 tablespoons StrMeasure6:1 tbs StrMeasure7:2 tbs StrMeasure8:4 StrMeasure9:1/2  StrMeasure10:2 tbs StrMeasure11:3 tbs StrMeasure12:1/2 cup  StrMeasure13:1 chopped StrMeasure14:4 cloves StrMeasure15:  StrMeasure16:  StrMeasure17:  StrMeasure18:  StrMeasure19:  StrMeasure20:  StrSource:https://panlasangpinoy.com/beef-asado/ StrImageSource: StrCreativeCommonsConfirmed: DateModified:}
2024/09/24 00:44:39 main.go:197: Formated Recipe:  

Category: Beef

Area: Filipino

Ingredients:
- 1.5kg Beef
- 1 Beef Stock Concentrate
- 8 ounces Tomato Puree
- 3 cups Water
- 6 tablespoons Soy Sauce
- 1 tbs White Wine Vinegar
- 2 tbs Pepper
- 4 Bay Leaf
- 1/2 Lemon
- 2 tbs Tomato Sauce

Instructions:
0.	Combine beef, crushed peppercorn, soy sauce, vinegar, dried bay leaves, lemon, and tomato sauce. Mix well. Marinate beef for at least 30 minutes.
1.	Put the marinated beef in a cooking pot along with remaining marinade. Add water. Let boil.
2.	Add Knorr Beef Cube. Stir. Cover the pot and cook for 40 minutes in low heat.
3.	Turn the beef over. Add tomato paste. Continue cooking until beef tenderizes. Set aside.
4.	Heat oil in a pan. Fry the potato until it browns. Turn over and continue frying the opposite side. Remove from the pan and place on a clean plate. Do the same with the carrots.
5.	Save 3 tablespoons of cooking oil from the pan where the potato was fried. Saute onion and garlic until onion softens.
6.	Pour-in the sauce from the beef stew. Let boil. Add the beef. Cook for 2 minutes.
7.	Add butter and let it melt. Continue cooking until the sauce reduces to half.
2024/09/24 00:45:46 main.go:286: Starting Recipe TUI program
2024/09/24 00:45:49 recipes.go:107: Recipe: {IDMeal:53071 StrMeal:Beef Asado StrDrinkAlternate: StrCategory:Beef StrArea:Filipino StrInstructions:0.	Combine beef, crushed peppercorn, soy sauce, vinegar, dried bay leaves, lemon, and tomato sauce. Mix well. Marinate beef for at least 30 minutes.
1.	Put the marinated beef in a cooking pot along with remaining marinade. Add water. Let boil.
2.	Add Knorr Beef Cube. Stir. Cover the pot and cook for 40 minutes in low heat.
3.	Turn the beef over. Add tomato paste. Continue cooking until beef tenderizes. Set aside.
4.	Heat oil in a pan. Fry the potato until it browns. Turn over and continue frying the opposite side. Remove from the pan and place on a clean plate. Do the same with the carrots.
5.	Save 3 tablespoons of cooking oil from the pan where the potato was fried. Saute onion and garlic until onion softens.
6.	Pour-in the sauce from the beef stew. Let boil. Add the beef. Cook for 2 minutes.
7.	Add butter and let it melt. Continue cooking until the sauce reduces to half. StrMealThumb:https://www.themealdb.com/images/media/meals/pkopc31683207947.jpg StrTags: StrYoutube:https://www.youtube.com/watch?v=lNlK8DVhXXA StrIngredient1:Beef StrIngredient2:Beef Stock Concentrate StrIngredient3:Tomato Puree StrIngredient4:Water StrIngredient5:Soy Sauce StrIngredient6:White Wine Vinegar StrIngredient7:Pepper StrIngredient8:Bay Leaf StrIngredient9:Lemon StrIngredient10:Tomato Sauce StrIngredient11:Butter StrIngredient12:Olive Oil StrIngredient13:Onion StrIngredient14:Garlic StrIngredient15: StrIngredient16: StrIngredient17: StrIngredient18: StrIngredient19: StrIngredient20: StrMeasure1:1.5kg StrMeasure2:1 StrMeasure3:8 ounces StrMeasure4:3 cups  StrMeasure5:6 tablespoons StrMeasure6:1 tbs StrMeasure7:2 tbs StrMeasure8:4 StrMeasure9:1/2  StrMeasure10:2 tbs StrMeasure11:3 tbs StrMeasure12:1/2 cup  StrMeasure13:1 chopped StrMeasure14:4 cloves StrMeasure15:  StrMeasure16:  StrMeasure17:  StrMeasure18:  StrMeasure19:  StrMeasure20:  StrSource:https://panlasangpinoy.com/beef-asado/ StrImageSource: StrCreativeCommonsConfirmed: DateModified:}
2024/09/24 00:45:49 main.go:196: Formated Recipe:  

Category: Beef

Area: Filipino

Ingredients:
- 1.5kg Beef
- 1 Beef Stock Concentrate
- 8 ounces Tomato Puree
- 3 cups Water
- 6 tablespoons Soy Sauce
- 1 tbs White Wine Vinegar
- 2 tbs Pepper
- 4 Bay Leaf
- 1/2 Lemon
- 2 tbs Tomato Sauce

Instructions:
0.	Combine beef, crushed peppercorn, soy sauce, vinegar, dried bay leaves, lemon, and tomato sauce. Mix well. Marinate beef for at least 30 minutes.
1.	Put the marinated beef in a cooking pot along with remaining marinade. Add water. Let boil.
2.	Add Knorr Beef Cube. Stir. Cover the pot and cook for 40 minutes in low heat.
3.	Turn the beef over. Add tomato paste. Continue cooking until beef tenderizes. Set aside.
4.	Heat oil in a pan. Fry the potato until it browns. Turn over and continue frying the opposite side. Remove from the pan and place on a clean plate. Do the same with the carrots.
5.	Save 3 tablespoons of cooking oil from the pan where the potato was fried. Saute onion and garlic until onion softens.
6.	Pour-in the sauce from the beef stew. Let boil. Add the beef. Cook for 2 minutes.
7.	Add butter and let it melt. Continue cooking until the sauce reduces to half.
2024/09/24 00:46:15 main.go:286: Starting Recipe TUI program
2024/09/24 00:46:19 recipes.go:107: Recipe: {IDMeal:53071 StrMeal:Beef Asado StrDrinkAlternate: StrCategory:Beef StrArea:Filipino StrInstructions:0.	Combine beef, crushed peppercorn, soy sauce, vinegar, dried bay leaves, lemon, and tomato sauce. Mix well. Marinate beef for at least 30 minutes.
1.	Put the marinated beef in a cooking pot along with remaining marinade. Add water. Let boil.
2.	Add Knorr Beef Cube. Stir. Cover the pot and cook for 40 minutes in low heat.
3.	Turn the beef over. Add tomato paste. Continue cooking until beef tenderizes. Set aside.
4.	Heat oil in a pan. Fry the potato until it browns. Turn over and continue frying the opposite side. Remove from the pan and place on a clean plate. Do the same with the carrots.
5.	Save 3 tablespoons of cooking oil from the pan where the potato was fried. Saute onion and garlic until onion softens.
6.	Pour-in the sauce from the beef stew. Let boil. Add the beef. Cook for 2 minutes.
7.	Add butter and let it melt. Continue cooking until the sauce reduces to half. StrMealThumb:https://www.themealdb.com/images/media/meals/pkopc31683207947.jpg StrTags: StrYoutube:https://www.youtube.com/watch?v=lNlK8DVhXXA StrIngredient1:Beef StrIngredient2:Beef Stock Concentrate StrIngredient3:Tomato Puree StrIngredient4:Water StrIngredient5:Soy Sauce StrIngredient6:White Wine Vinegar StrIngredient7:Pepper StrIngredient8:Bay Leaf StrIngredient9:Lemon StrIngredient10:Tomato Sauce StrIngredient11:Butter StrIngredient12:Olive Oil StrIngredient13:Onion StrIngredient14:Garlic StrIngredient15: StrIngredient16: StrIngredient17: StrIngredient18: StrIngredient19: StrIngredient20: StrMeasure1:1.5kg StrMeasure2:1 StrMeasure3:8 ounces StrMeasure4:3 cups  StrMeasure5:6 tablespoons StrMeasure6:1 tbs StrMeasure7:2 tbs StrMeasure8:4 StrMeasure9:1/2  StrMeasure10:2 tbs StrMeasure11:3 tbs StrMeasure12:1/2 cup  StrMeasure13:1 chopped StrMeasure14:4 cloves StrMeasure15:  StrMeasure16:  StrMeasure17:  StrMeasure18:  StrMeasure19:  StrMeasure20:  StrSource:https://panlasangpinoy.com/beef-asado/ StrImageSource: StrCreativeCommonsConfirmed: DateModified:}
2024/09/24 00:46:19 main.go:196: Formated Recipe:  

Category: Beef

Area: Filipino

Ingredients:
- 1.5kg Beef
- 1 Beef Stock Concentrate
- 8 ounces Tomato Puree
- 3 cups Water
- 6 tablespoons Soy Sauce
- 1 tbs White Wine Vinegar
- 2 tbs Pepper
- 4 Bay Leaf
- 1/2 Lemon
- 2 tbs Tomato Sauce

Instructions:
0.	Combine beef, crushed peppercorn, soy sauce, vinegar, dried bay leaves, lemon, and tomato sauce. Mix well. Marinate beef for at least 30 minutes.
1.	Put the marinated beef in a cooking pot along with remaining marinade. Add water. Let boil.
2.	Add Knorr Beef Cube. Stir. Cover the pot and cook for 40 minutes in low heat.
3.	Turn the beef over. Add tomato paste. Continue cooking until beef tenderizes. Set aside.
4.	Heat oil in a pan. Fry the potato until it browns. Turn over and continue frying the opposite side. Remove from the pan and place on a clean plate. Do the same with the carrots.
5.	Save 3 tablespoons of cooking oil from the pan where the potato was fried. Saute onion and garlic until onion softens.
6.	Pour-in the sauce from the beef stew. Let boil. Add the beef. Cook for 2 minutes.
7.	Add butter and let it melt. Continue cooking until the sauce reduces to half.
2024/09/24 00:46:44 main.go:286: Starting Recipe TUI program
2024/09/24 00:46:47 recipes.go:107: Recipe: {IDMeal:53071 StrMeal:Beef Asado StrDrinkAlternate: StrCategory:Beef StrArea:Filipino StrInstructions:0.	Combine beef, crushed peppercorn, soy sauce, vinegar, dried bay leaves, lemon, and tomato sauce. Mix well. Marinate beef for at least 30 minutes.
1.	Put the marinated beef in a cooking pot along with remaining marinade. Add water. Let boil.
2.	Add Knorr Beef Cube. Stir. Cover the pot and cook for 40 minutes in low heat.
3.	Turn the beef over. Add tomato paste. Continue cooking until beef tenderizes. Set aside.
4.	Heat oil in a pan. Fry the potato until it browns. Turn over and continue frying the opposite side. Remove from the pan and place on a clean plate. Do the same with the carrots.
5.	Save 3 tablespoons of cooking oil from the pan where the potato was fried. Saute onion and garlic until onion softens.
6.	Pour-in the sauce from the beef stew. Let boil. Add the beef. Cook for 2 minutes.
7.	Add butter and let it melt. Continue cooking until the sauce reduces to half. StrMealThumb:https://www.themealdb.com/images/media/meals/pkopc31683207947.jpg StrTags: StrYoutube:https://www.youtube.com/watch?v=lNlK8DVhXXA StrIngredient1:Beef StrIngredient2:Beef Stock Concentrate StrIngredient3:Tomato Puree StrIngredient4:Water StrIngredient5:Soy Sauce StrIngredient6:White Wine Vinegar StrIngredient7:Pepper StrIngredient8:Bay Leaf StrIngredient9:Lemon StrIngredient10:Tomato Sauce StrIngredient11:Butter StrIngredient12:Olive Oil StrIngredient13:Onion StrIngredient14:Garlic StrIngredient15: StrIngredient16: StrIngredient17: StrIngredient18: StrIngredient19: StrIngredient20: StrMeasure1:1.5kg StrMeasure2:1 StrMeasure3:8 ounces StrMeasure4:3 cups  StrMeasure5:6 tablespoons StrMeasure6:1 tbs StrMeasure7:2 tbs StrMeasure8:4 StrMeasure9:1/2  StrMeasure10:2 tbs StrMeasure11:3 tbs StrMeasure12:1/2 cup  StrMeasure13:1 chopped StrMeasure14:4 cloves StrMeasure15:  StrMeasure16:  StrMeasure17:  StrMeasure18:  StrMeasure19:  StrMeasure20:  StrSource:https://panlasangpinoy.com/beef-asado/ StrImageSource: StrCreativeCommonsConfirmed: DateModified:}
2024/09/24 00:46:47 main.go:196: Formated Recipe:  

Category: Beef

Area: Filipino

Ingredients:
- 1.5kg Beef
- 1 Beef Stock Concentrate
- 8 ounces Tomato Puree
- 3 cups Water
- 6 tablespoons Soy Sauce
- 1 tbs White Wine Vinegar
- 2 tbs Pepper
- 4 Bay Leaf
- 1/2 Lemon
- 2 tbs Tomato Sauce

Instructions:
0.	Combine beef, crushed peppercorn, soy sauce, vinegar, dried bay leaves, lemon, and tomato sauce. Mix well. Marinate beef for at least 30 minutes.
1.	Put the marinated beef in a cooking pot along with remaining marinade. Add water. Let boil.
2.	Add Knorr Beef Cube. Stir. Cover the pot and cook for 40 minutes in low heat.
3.	Turn the beef over. Add tomato paste. Continue cooking until beef tenderizes. Set aside.
4.	Heat oil in a pan. Fry the potato until it browns. Turn over and continue frying the opposite side. Remove from the pan and place on a clean plate. Do the same with the carrots.
5.	Save 3 tablespoons of cooking oil from the pan where the potato was fried. Saute onion and garlic until onion softens.
6.	Pour-in the sauce from the beef stew. Let boil. Add the beef. Cook for 2 minutes.
7.	Add butter and let it melt. Continue cooking until the sauce reduces to half.
2024/09/24 00:47:32 main.go:286: Starting Recipe TUI program
2024/09/24 00:47:36 recipes.go:107: Recipe: {IDMeal:53071 StrMeal:Beef Asado StrDrinkAlternate: StrCategory:Beef StrArea:Filipino StrInstructions:0.	Combine beef, crushed peppercorn, soy sauce, vinegar, dried bay leaves, lemon, and tomato sauce. Mix well. Marinate beef for at least 30 minutes.
1.	Put the marinated beef in a cooking pot along with remaining marinade. Add water. Let boil.
2.	Add Knorr Beef Cube. Stir. Cover the pot and cook for 40 minutes in low heat.
3.	Turn the beef over. Add tomato paste. Continue cooking until beef tenderizes. Set aside.
4.	Heat oil in a pan. Fry the potato until it browns. Turn over and continue frying the opposite side. Remove from the pan and place on a clean plate. Do the same with the carrots.
5.	Save 3 tablespoons of cooking oil from the pan where the potato was fried. Saute onion and garlic until onion softens.
6.	Pour-in the sauce from the beef stew. Let boil. Add the beef. Cook for 2 minutes.
7.	Add butter and let it melt. Continue cooking until the sauce reduces to half. StrMealThumb:https://www.themealdb.com/images/media/meals/pkopc31683207947.jpg StrTags: StrYoutube:https://www.youtube.com/watch?v=lNlK8DVhXXA StrIngredient1:Beef StrIngredient2:Beef Stock Concentrate StrIngredient3:Tomato Puree StrIngredient4:Water StrIngredient5:Soy Sauce StrIngredient6:White Wine Vinegar StrIngredient7:Pepper StrIngredient8:Bay Leaf StrIngredient9:Lemon StrIngredient10:Tomato Sauce StrIngredient11:Butter StrIngredient12:Olive Oil StrIngredient13:Onion StrIngredient14:Garlic StrIngredient15: StrIngredient16: StrIngredient17: StrIngredient18: StrIngredient19: StrIngredient20: StrMeasure1:1.5kg StrMeasure2:1 StrMeasure3:8 ounces StrMeasure4:3 cups  StrMeasure5:6 tablespoons StrMeasure6:1 tbs StrMeasure7:2 tbs StrMeasure8:4 StrMeasure9:1/2  StrMeasure10:2 tbs StrMeasure11:3 tbs StrMeasure12:1/2 cup  StrMeasure13:1 chopped StrMeasure14:4 cloves StrMeasure15:  StrMeasure16:  StrMeasure17:  StrMeasure18:  StrMeasure19:  StrMeasure20:  StrSource:https://panlasangpinoy.com/beef-asado/ StrImageSource: StrCreativeCommonsConfirmed: DateModified:}
2024/09/24 00:47:36 main.go:196: Formated Recipe:  

Category: Beef

Area: Filipino

Ingredients:
- 1.5kg Beef
- 1 Beef Stock Concentrate
- 8 ounces Tomato Puree
- 3 cups Water
- 6 tablespoons Soy Sauce
- 1 tbs White Wine Vinegar
- 2 tbs Pepper
- 4 Bay Leaf
- 1/2 Lemon
- 2 tbs Tomato Sauce

Instructions:
0.	Combine beef, crushed peppercorn, soy sauce, vinegar, dried bay leaves, lemon, and tomato sauce. Mix well. Marinate beef for at least 30 minutes.
1.	Put the marinated beef in a cooking pot along with remaining marinade. Add water. Let boil.
2.	Add Knorr Beef Cube. Stir. Cover the pot and cook for 40 minutes in low heat.
3.	Turn the beef over. Add tomato paste. Continue cooking until beef tenderizes. Set aside.
4.	Heat oil in a pan. Fry the potato until it browns. Turn over and continue frying the opposite side. Remove from the pan and place on a clean plate. Do the same with the carrots.
5.	Save 3 tablespoons of cooking oil from the pan where the potato was fried. Saute onion and garlic until onion softens.
6.	Pour-in the sauce from the beef stew. Let boil. Add the beef. Cook for 2 minutes.
7.	Add butter and let it melt. Continue cooking until the sauce reduces to half.
2024/09/24 00:47:57 main.go:286: Starting Recipe TUI program
2024/09/24 00:48:03 recipes.go:107: Recipe: {IDMeal:53071 StrMeal:Beef Asado StrDrinkAlternate: StrCategory:Beef StrArea:Filipino StrInstructions:0.	Combine beef, crushed peppercorn, soy sauce, vinegar, dried bay leaves, lemon, and tomato sauce. Mix well. Marinate beef for at least 30 minutes.
1.	Put the marinated beef in a cooking pot along with remaining marinade. Add water. Let boil.
2.	Add Knorr Beef Cube. Stir. Cover the pot and cook for 40 minutes in low heat.
3.	Turn the beef over. Add tomato paste. Continue cooking until beef tenderizes. Set aside.
4.	Heat oil in a pan. Fry the potato until it browns. Turn over and continue frying the opposite side. Remove from the pan and place on a clean plate. Do the same with the carrots.
5.	Save 3 tablespoons of cooking oil from the pan where the potato was fried. Saute onion and garlic until onion softens.
6.	Pour-in the sauce from the beef stew. Let boil. Add the beef. Cook for 2 minutes.
7.	Add butter and let it melt. Continue cooking until the sauce reduces to half. StrMealThumb:https://www.themealdb.com/images/media/meals/pkopc31683207947.jpg StrTags: StrYoutube:https://www.youtube.com/watch?v=lNlK8DVhXXA StrIngredient1:Beef StrIngredient2:Beef Stock Concentrate StrIngredient3:Tomato Puree StrIngredient4:Water StrIngredient5:Soy Sauce StrIngredient6:White Wine Vinegar StrIngredient7:Pepper StrIngredient8:Bay Leaf StrIngredient9:Lemon StrIngredient10:Tomato Sauce StrIngredient11:Butter StrIngredient12:Olive Oil StrIngredient13:Onion StrIngredient14:Garlic StrIngredient15: StrIngredient16: StrIngredient17: StrIngredient18: StrIngredient19: StrIngredient20: StrMeasure1:1.5kg StrMeasure2:1 StrMeasure3:8 ounces StrMeasure4:3 cups  StrMeasure5:6 tablespoons StrMeasure6:1 tbs StrMeasure7:2 tbs StrMeasure8:4 StrMeasure9:1/2  StrMeasure10:2 tbs StrMeasure11:3 tbs StrMeasure12:1/2 cup  StrMeasure13:1 chopped StrMeasure14:4 cloves StrMeasure15:  StrMeasure16:  StrMeasure17:  StrMeasure18:  StrMeasure19:  StrMeasure20:  StrSource:https://panlasangpinoy.com/beef-asado/ StrImageSource: StrCreativeCommonsConfirmed: DateModified:}
2024/09/24 00:48:03 main.go:196: Formated Recipe:  

Category: Beef

Area: Filipino

Ingredients:
- 1.5kg Beef
- 1 Beef Stock Concentrate
- 8 ounces Tomato Puree
- 3 cups Water
- 6 tablespoons Soy Sauce
- 1 tbs White Wine Vinegar
- 2 tbs Pepper
- 4 Bay Leaf
- 1/2 Lemon
- 2 tbs Tomato Sauce

Instructions:
0.	Combine beef, crushed peppercorn, soy sauce, vinegar, dried bay leaves, lemon, and tomato sauce. Mix well. Marinate beef for at least 30 minutes.
1.	Put the marinated beef in a cooking pot along with remaining marinade. Add water. Let boil.
2.	Add Knorr Beef Cube. Stir. Cover the pot and cook for 40 minutes in low heat.
3.	Turn the beef over. Add tomato paste. Continue cooking until beef tenderizes. Set aside.
4.	Heat oil in a pan. Fry the potato until it browns. Turn over and continue frying the opposite side. Remove from the pan and place on a clean plate. Do the same with the carrots.
5.	Save 3 tablespoons of cooking oil from the pan where the potato was fried. Saute onion and garlic until onion softens.
6.	Pour-in the sauce from the beef stew. Let boil. Add the beef. Cook for 2 minutes.
7.	Add butter and let it melt. Continue cooking until the sauce reduces to half.
